1718923740.010178 client started (93943): version 3.4, socket /private/tmp/tmux-501/default, protocol 8
1718923740.010268 on Darwin 23.4.0 Darwin Kernel Version 23.4.0: Fri Mar 15 00:12:25 PDT 2024; root:xnu-10063.101.17~1/RELEASE_ARM64_T6030
1718923740.010291 using libevent 2.1.12-stable select
1718923740.011018 using utf8proc 2.9.0
1718923740.011144 using ncurses 6.4 20221231
1718923740.011204 flags are 0x10010000
1718923740.011220 socket is /private/tmp/tmux-501/default
1718923740.011244 trying connect
1718923740.011375 add peer 0x128008000: 6 (0x0)
1718923740.015217 sending message 100 to peer 0x128008000 (4 bytes)
1718923740.015274 sending message 111 to peer 0x128008000 (8 bytes)
1718923740.015283 sending message 101 to peer 0x128008000 (16 bytes)
1718923740.015294 sending message 109 to peer 0x128008000 (4 bytes)
1718923740.015301 sending message 102 to peer 0x128008000 (13 bytes)
1718923740.015307 sending message 108 to peer 0x128008000 (34 bytes)
1718923740.015314 sending message 112 to peer 0x128008000 (70 bytes)
1718923740.015321 sending message 112 to peer 0x128008000 (5 bytes)
1718923740.015327 sending message 112 to peer 0x128008000 (5 bytes)
1718923740.015333 sending message 112 to peer 0x128008000 (6 bytes)
1718923740.015340 sending message 112 to peer 0x128008000 (6 bytes)
1718923740.015346 sending message 112 to peer 0x128008000 (11 bytes)
1718923740.015353 sending message 112 to peer 0x128008000 (10 bytes)
1718923740.015359 sending message 112 to peer 0x128008000 (13 bytes)
1718923740.015365 sending message 112 to peer 0x128008000 (13 bytes)
1718923740.015372 sending message 112 to peer 0x128008000 (18 bytes)
1718923740.015379 sending message 112 to peer 0x128008000 (11 bytes)
1718923740.015385 sending message 112 to peer 0x128008000 (21 bytes)
1718923740.015392 sending message 112 to peer 0x128008000 (13 bytes)
1718923740.015398 sending message 112 to peer 0x128008000 (7 bytes)
1718923740.015405 sending message 112 to peer 0x128008000 (13 bytes)
1718923740.015411 sending message 112 to peer 0x128008000 (7 bytes)
1718923740.015418 sending message 112 to peer 0x128008000 (13 bytes)
1718923740.015425 sending message 112 to peer 0x128008000 (9 bytes)
1718923740.015431 sending message 112 to peer 0x128008000 (21 bytes)
1718923740.015438 sending message 112 to peer 0x128008000 (13 bytes)
1718923740.015444 sending message 112 to peer 0x128008000 (8 bytes)
1718923740.015451 sending message 112 to peer 0x128008000 (12 bytes)
1718923740.015458 sending message 112 to peer 0x128008000 (13 bytes)
1718923740.015464 sending message 112 to peer 0x128008000 (9 bytes)
1718923740.015470 sending message 112 to peer 0x128008000 (9 bytes)
1718923740.015477 sending message 112 to peer 0x128008000 (12 bytes)
1718923740.015483 sending message 112 to peer 0x128008000 (8 bytes)
1718923740.015490 sending message 112 to peer 0x128008000 (7 bytes)
1718923740.015496 sending message 112 to peer 0x128008000 (7 bytes)
1718923740.015503 sending message 112 to peer 0x128008000 (9 bytes)
1718923740.015509 sending message 112 to peer 0x128008000 (13 bytes)
1718923740.015516 sending message 112 to peer 0x128008000 (9 bytes)
1718923740.015522 sending message 112 to peer 0x128008000 (15 bytes)
1718923740.015529 sending message 112 to peer 0x128008000 (13 bytes)
1718923740.015535 sending message 112 to peer 0x128008000 (12 bytes)
1718923740.015542 sending message 112 to peer 0x128008000 (8 bytes)
1718923740.015549 sending message 112 to peer 0x128008000 (14 bytes)
1718923740.015556 sending message 112 to peer 0x128008000 (9 bytes)
1718923740.015562 sending message 112 to peer 0x128008000 (10 bytes)
1718923740.015569 sending message 112 to peer 0x128008000 (10 bytes)
1718923740.015575 sending message 112 to peer 0x128008000 (10 bytes)
1718923740.015581 sending message 112 to peer 0x128008000 (10 bytes)
1718923740.015588 sending message 112 to peer 0x128008000 (11 bytes)
1718923740.015595 sending message 112 to peer 0x128008000 (10 bytes)
1718923740.015602 sending message 112 to peer 0x128008000 (8 bytes)
1718923740.015608 sending message 112 to peer 0x128008000 (11 bytes)
1718923740.015693 sending message 112 to peer 0x128008000 (11 bytes)
1718923740.015698 sending message 112 to peer 0x128008000 (11 bytes)
1718923740.015703 sending message 112 to peer 0x128008000 (8 bytes)
1718923740.015708 sending message 112 to peer 0x128008000 (8 bytes)
1718923740.015713 sending message 112 to peer 0x128008000 (8 bytes)
1718923740.015717 sending message 112 to peer 0x128008000 (10 bytes)
1718923740.015722 sending message 112 to peer 0x128008000 (10 bytes)
1718923740.015727 sending message 112 to peer 0x128008000 (10 bytes)
1718923740.015731 sending message 112 to peer 0x128008000 (10 bytes)
1718923740.015736 sending message 112 to peer 0x128008000 (10 bytes)
1718923740.015740 sending message 112 to peer 0x128008000 (11 bytes)
1718923740.015745 sending message 112 to peer 0x128008000 (11 bytes)
1718923740.015749 sending message 112 to peer 0x128008000 (10 bytes)
1718923740.015753 sending message 112 to peer 0x128008000 (9 bytes)
1718923740.015757 sending message 112 to peer 0x128008000 (9 bytes)
1718923740.015762 sending message 112 to peer 0x128008000 (12 bytes)
1718923740.015766 sending message 112 to peer 0x128008000 (9 bytes)
1718923740.015809 sending message 112 to peer 0x128008000 (6 bytes)
1718923740.015834 sending message 112 to peer 0x128008000 (13 bytes)
1718923740.015843 sending message 112 to peer 0x128008000 (8 bytes)
1718923740.015850 sending message 112 to peer 0x128008000 (15 bytes)
1718923740.015857 sending message 112 to peer 0x128008000 (13 bytes)
1718923740.015863 sending message 112 to peer 0x128008000 (70 bytes)
1718923740.015869 sending message 112 to peer 0x128008000 (69 bytes)
1718923740.015874 sending message 112 to peer 0x128008000 (10 bytes)
1718923740.015879 sending message 112 to peer 0x128008000 (8 bytes)
1718923740.015883 sending message 112 to peer 0x128008000 (15 bytes)
1718923740.015888 sending message 112 to peer 0x128008000 (13 bytes)
1718923740.015893 sending message 112 to peer 0x128008000 (10 bytes)
1718923740.015897 sending message 112 to peer 0x128008000 (10 bytes)
1718923740.015902 sending message 112 to peer 0x128008000 (5 bytes)
1718923740.015906 sending message 112 to peer 0x128008000 (15 bytes)
1718923740.015913 sending message 104 to peer 0x128008000 (0 bytes)
1718923740.015918 sending message 110 to peer 0x128008000 (0 bytes)
1718923740.015923 sending message 107 to peer 0x128008000 (4 bytes)
1718923740.015927 sending message 105 to peer 0x128008000 (35 bytes)
1718923740.015932 sending message 105 to peer 0x128008000 (163 bytes)
1718923740.015939 sending message 105 to peer 0x128008000 (14 bytes)
1718923740.015945 sending message 105 to peer 0x128008000 (20 bytes)
1718923740.015949 sending message 105 to peer 0x128008000 (22 bytes)
1718923740.015954 sending message 105 to peer 0x128008000 (11 bytes)
1718923740.015958 sending message 105 to peer 0x128008000 (24 bytes)
1718923740.015963 sending message 105 to peer 0x128008000 (37 bytes)
1718923740.015967 sending message 105 to peer 0x128008000 (30 bytes)
1718923740.015972 sending message 105 to peer 0x128008000 (34 bytes)
1718923740.015976 sending message 105 to peer 0x128008000 (60 bytes)
1718923740.015981 sending message 105 to peer 0x128008000 (22 bytes)
1718923740.015985 sending message 105 to peer 0x128008000 (61 bytes)
1718923740.015990 sending message 105 to peer 0x128008000 (35 bytes)
1718923740.015994 sending message 105 to peer 0x128008000 (17 bytes)
1718923740.015999 sending message 105 to peer 0x128008000 (19 bytes)
1718923740.016003 sending message 105 to peer 0x128008000 (27 bytes)
1718923740.016008 sending message 105 to peer 0x128008000 (20 bytes)
1718923740.016012 sending message 105 to peer 0x128008000 (54 bytes)
1718923740.016016 sending message 105 to peer 0x128008000 (94 bytes)
1718923740.016021 sending message 105 to peer 0x128008000 (41 bytes)
1718923740.016026 sending message 105 to peer 0x128008000 (720 bytes)
1718923740.016031 sending message 105 to peer 0x128008000 (25 bytes)
1718923740.016036 sending message 105 to peer 0x128008000 (38 bytes)
1718923740.016040 sending message 105 to peer 0x128008000 (24 bytes)
1718923740.016060 sending message 105 to peer 0x128008000 (15 bytes)
1718923740.016064 sending message 105 to peer 0x128008000 (8 bytes)
1718923740.016070 sending message 105 to peer 0x128008000 (66 bytes)
1718923740.016074 sending message 105 to peer 0x128008000 (19 bytes)
1718923740.016079 sending message 105 to peer 0x128008000 (21 bytes)
1718923740.016083 sending message 105 to peer 0x128008000 (18 bytes)
1718923740.016088 sending message 105 to peer 0x128008000 (25 bytes)
1718923740.016093 sending message 105 to peer 0x128008000 (60 bytes)
1718923740.016098 sending message 105 to peer 0x128008000 (57 bytes)
1718923740.016102 sending message 105 to peer 0x128008000 (41 bytes)
1718923740.016107 sending message 105 to peer 0x128008000 (14 bytes)
1718923740.016111 sending message 105 to peer 0x128008000 (59 bytes)
1718923740.016116 sending message 105 to peer 0x128008000 (17 bytes)
1718923740.016120 sending message 105 to peer 0x128008000 (14 bytes)
1718923740.016125 sending message 105 to peer 0x128008000 (19 bytes)
1718923740.016129 sending message 105 to peer 0x128008000 (43 bytes)
1718923740.016134 sending message 105 to peer 0x128008000 (32 bytes)
1718923740.016138 sending message 105 to peer 0x128008000 (22 bytes)
1718923740.016143 sending message 105 to peer 0x128008000 (22 bytes)
1718923740.016147 sending message 105 to peer 0x128008000 (16 bytes)
1718923740.016152 sending message 105 to peer 0x128008000 (17 bytes)
1718923740.016156 sending message 105 to peer 0x128008000 (17 bytes)
1718923740.016161 sending message 105 to peer 0x128008000 (18 bytes)
1718923740.016165 sending message 105 to peer 0x128008000 (26 bytes)
1718923740.016170 sending message 106 to peer 0x128008000 (0 bytes)
1718923740.016225 sending message 200 to peer 0x128008000 (4 bytes)
1718923740.016232 client loop enter
1718923740.016490 peer 0x128008000 message 303
1718923740.016500 open write file 2 -
1718923740.016515 sending message 305 to peer 0x128008000 (8 bytes)
1718923740.016525 write check file 2
1718923740.016601 peer 0x128008000 message 304
1718923740.016618 write 58 to file 2
1718923740.016628 peer 0x128008000 message 203
1718923740.016634 file 2 58 bytes left
1718923740.016651 write check file 2
1718923740.016658 client loop exit
